This is pdfTeX, Version 3.141592653-2.6-1.40.25 (TeX Live 2023/nixos.org) (preloaded format=pdflatex 1980.1.1)  22 MAY 2024 11:31
entering extended mode
 restricted \write18 enabled.
 %&-line parsing enabled.
**specifications.tex
(./specifications.tex
LaTeX2e <2023-11-01> patch level 1
L3 programming layer <2024-02-20>

(/nix/store/lkhnjl3m4jzlk9s89aw8x44w6dwp171s-texlive-2023-env-texmfdist/tex/lat
ex/base/article.cls
Document Class: article 2023/05/17 v1.4n Standard LaTeX document class

(/nix/store/lkhnjl3m4jzlk9s89aw8x44w6dwp171s-texlive-2023-env-texmfdist/tex/lat
ex/base/size10.clo
File: size10.clo 2023/05/17 v1.4n Standard LaTeX file (size option)
)
\c@part=\count188
\c@section=\count189
\c@subsection=\count190
\c@subsubsection=\count191
\c@paragraph=\count192
\c@subparagraph=\count193
\c@figure=\count194
\c@table=\count195
\abovecaptionskip=\skip48
\belowcaptionskip=\skip49
\bibindent=\dimen140
)
(/nix/store/lkhnjl3m4jzlk9s89aw8x44w6dwp171s-texlive-2023-env-texmfdist/tex/lat
ex/geometry/geometry.sty
Package: geometry 2020/01/02 v5.9 Page Geometry

(/nix/store/lkhnjl3m4jzlk9s89aw8x44w6dwp171s-texlive-2023-env-texmfdist/tex/lat
ex/graphics/keyval.sty
Package: keyval 2022/05/29 v1.15 key=value parser (DPC)
\KV@toks@=\toks17
)
(/nix/store/lkhnjl3m4jzlk9s89aw8x44w6dwp171s-texlive-2023-env-texmfdist/tex/gen
eric/iftex/ifvtex.sty
Package: ifvtex 2019/10/25 v1.7 ifvtex legacy package. Use iftex instead.

(/nix/store/lkhnjl3m4jzlk9s89aw8x44w6dwp171s-texlive-2023-env-texmfdist/tex/gen
eric/iftex/iftex.sty
Package: iftex 2022/02/03 v1.0f TeX engine tests
))
\Gm@cnth=\count196
\Gm@cntv=\count197
\c@Gm@tempcnt=\count198
\Gm@bindingoffset=\dimen141
\Gm@wd@mp=\dimen142
\Gm@odd@mp=\dimen143
\Gm@even@mp=\dimen144
\Gm@layoutwidth=\dimen145
\Gm@layoutheight=\dimen146
\Gm@layouthoffset=\dimen147
\Gm@layoutvoffset=\dimen148
\Gm@dimlist=\toks18
)
(/nix/store/lkhnjl3m4jzlk9s89aw8x44w6dwp171s-texlive-2023-env-texmfdist/tex/lat
ex/graphics/graphicx.sty
Package: graphicx 2021/09/16 v1.2d Enhanced LaTeX Graphics (DPC,SPQR)

(/nix/store/lkhnjl3m4jzlk9s89aw8x44w6dwp171s-texlive-2023-env-texmfdist/tex/lat
ex/graphics/graphics.sty
Package: graphics 2022/03/10 v1.4e Standard LaTeX Graphics (DPC,SPQR)

(/nix/store/lkhnjl3m4jzlk9s89aw8x44w6dwp171s-texlive-2023-env-texmfdist/tex/lat
ex/graphics/trig.sty
Package: trig 2021/08/11 v1.11 sin cos tan (DPC)
)
(/nix/store/lkhnjl3m4jzlk9s89aw8x44w6dwp171s-texlive-2023-env-texmfdist/tex/lat
ex/graphics-cfg/graphics.cfg
File: graphics.cfg 2016/06/04 v1.11 sample graphics configuration
)
Package graphics Info: Driver file: pdftex.def on input line 107.

(/nix/store/lkhnjl3m4jzlk9s89aw8x44w6dwp171s-texlive-2023-env-texmfdist/tex/lat
ex/graphics-def/pdftex.def
File: pdftex.def 2022/09/22 v1.2b Graphics/color driver for pdftex
))
\Gin@req@height=\dimen149
\Gin@req@width=\dimen150
)
(/nix/store/lkhnjl3m4jzlk9s89aw8x44w6dwp171s-texlive-2023-env-texmfdist/tex/lat
ex/hyperref/hyperref.sty
Package: hyperref 2024-01-20 v7.01h Hypertext links for LaTeX

(/nix/store/lkhnjl3m4jzlk9s89aw8x44w6dwp171s-texlive-2023-env-texmfdist/tex/lat
ex/kvsetkeys/kvsetkeys.sty
Package: kvsetkeys 2022-10-05 v1.19 Key value parser (HO)
)
(/nix/store/lkhnjl3m4jzlk9s89aw8x44w6dwp171s-texlive-2023-env-texmfdist/tex/gen
eric/kvdefinekeys/kvdefinekeys.sty
Package: kvdefinekeys 2019-12-19 v1.6 Define keys (HO)
)
(/nix/store/lkhnjl3m4jzlk9s89aw8x44w6dwp171s-texlive-2023-env-texmfdist/tex/gen
eric/pdfescape/pdfescape.sty
Package: pdfescape 2019/12/09 v1.15 Implements pdfTeX's escape features (HO)

(/nix/store/lkhnjl3m4jzlk9s89aw8x44w6dwp171s-texlive-2023-env-texmfdist/tex/gen
eric/ltxcmds/ltxcmds.sty
Package: ltxcmds 2023-12-04 v1.26 LaTeX kernel commands for general use (HO)
)
(/nix/store/lkhnjl3m4jzlk9s89aw8x44w6dwp171s-texlive-2023-env-texmfdist/tex/gen
eric/pdftexcmds/pdftexcmds.sty
Package: pdftexcmds 2020-06-27 v0.33 Utility functions of pdfTeX for LuaTeX (HO
)

(/nix/store/lkhnjl3m4jzlk9s89aw8x44w6dwp171s-texlive-2023-env-texmfdist/tex/gen
eric/infwarerr/infwarerr.sty
Package: infwarerr 2019/12/03 v1.5 Providing info/warning/error messages (HO)
)
Package pdftexcmds Info: \pdf@primitive is available.
Package pdftexcmds Info: \pdf@ifprimitive is available.
Package pdftexcmds Info: \pdfdraftmode found.
))
(/nix/store/lkhnjl3m4jzlk9s89aw8x44w6dwp171s-texlive-2023-env-texmfdist/tex/lat
ex/hycolor/hycolor.sty
Package: hycolor 2020-01-27 v1.10 Color options for hyperref/bookmark (HO)
)
(/nix/store/lkhnjl3m4jzlk9s89aw8x44w6dwp171s-texlive-2023-env-texmfdist/tex/lat
ex/auxhook/auxhook.sty
Package: auxhook 2019-12-17 v1.6 Hooks for auxiliary files (HO)
)
(/nix/store/lkhnjl3m4jzlk9s89aw8x44w6dwp171s-texlive-2023-env-texmfdist/tex/lat
ex/hyperref/nameref.sty
Package: nameref 2023-11-26 v2.56 Cross-referencing by name of section

(/nix/store/lkhnjl3m4jzlk9s89aw8x44w6dwp171s-texlive-2023-env-texmfdist/tex/lat
ex/refcount/refcount.sty
Package: refcount 2019/12/15 v3.6 Data extraction from label references (HO)
)
(/nix/store/lkhnjl3m4jzlk9s89aw8x44w6dwp171s-texlive-2023-env-texmfdist/tex/gen
eric/gettitlestring/gettitlestring.sty
Package: gettitlestring 2019/12/15 v1.6 Cleanup title references (HO)

(/nix/store/lkhnjl3m4jzlk9s89aw8x44w6dwp171s-texlive-2023-env-texmfdist/tex/lat
ex/kvoptions/kvoptions.sty
Package: kvoptions 2022-06-15 v3.15 Key value format for package options (HO)
))
\c@section@level=\count199
)
(/nix/store/lkhnjl3m4jzlk9s89aw8x44w6dwp171s-texlive-2023-env-texmfdist/tex/lat
ex/etoolbox/etoolbox.sty
Package: etoolbox 2020/10/05 v2.5k e-TeX tools for LaTeX (JAW)
\etb@tempcnta=\count266
)
\@linkdim=\dimen151
\Hy@linkcounter=\count267
\Hy@pagecounter=\count268

(/nix/store/lkhnjl3m4jzlk9s89aw8x44w6dwp171s-texlive-2023-env-texmfdist/tex/lat
ex/hyperref/pd1enc.def
File: pd1enc.def 2024-01-20 v7.01h Hyperref: PDFDocEncoding definition (HO)
Now handling font encoding PD1 ...
... no UTF-8 mapping file for font encoding PD1
)
(/nix/store/lkhnjl3m4jzlk9s89aw8x44w6dwp171s-texlive-2023-env-texmfdist/tex/gen
eric/intcalc/intcalc.sty
Package: intcalc 2019/12/15 v1.3 Expandable calculations with integers (HO)
)
\Hy@SavedSpaceFactor=\count269

(/nix/store/lkhnjl3m4jzlk9s89aw8x44w6dwp171s-texlive-2023-env-texmfdist/tex/lat
ex/hyperref/puenc.def
File: puenc.def 2024-01-20 v7.01h Hyperref: PDF Unicode definition (HO)
Now handling font encoding PU ...
... no UTF-8 mapping file for font encoding PU
)
Package hyperref Info: Hyper figures OFF on input line 4179.
Package hyperref Info: Link nesting OFF on input line 4184.
Package hyperref Info: Hyper index ON on input line 4187.
Package hyperref Info: Plain pages OFF on input line 4194.
Package hyperref Info: Backreferencing OFF on input line 4199.
Package hyperref Info: Implicit mode ON; LaTeX internals redefined.
Package hyperref Info: Bookmarks ON on input line 4446.
\c@Hy@tempcnt=\count270

(/nix/store/lkhnjl3m4jzlk9s89aw8x44w6dwp171s-texlive-2023-env-texmfdist/tex/lat
ex/url/url.sty
\Urlmuskip=\muskip16
Package: url 2013/09/16  ver 3.4  Verb mode for urls, etc.
)
LaTeX Info: Redefining \url on input line 4784.
\XeTeXLinkMargin=\dimen152

(/nix/store/lkhnjl3m4jzlk9s89aw8x44w6dwp171s-texlive-2023-env-texmfdist/tex/gen
eric/bitset/bitset.sty
Package: bitset 2019/12/09 v1.3 Handle bit-vector datatype (HO)

(/nix/store/lkhnjl3m4jzlk9s89aw8x44w6dwp171s-texlive-2023-env-texmfdist/tex/gen
eric/bigintcalc/bigintcalc.sty
Package: bigintcalc 2019/12/15 v1.5 Expandable calculations on big integers (HO
)
))
\Fld@menulength=\count271
\Field@Width=\dimen153
\Fld@charsize=\dimen154
Package hyperref Info: Hyper figures OFF on input line 6063.
Package hyperref Info: Link nesting OFF on input line 6068.
Package hyperref Info: Hyper index ON on input line 6071.
Package hyperref Info: backreferencing OFF on input line 6078.
Package hyperref Info: Link coloring OFF on input line 6083.
Package hyperref Info: Link coloring with OCG OFF on input line 6088.
Package hyperref Info: PDF/A mode OFF on input line 6093.

(/nix/store/lkhnjl3m4jzlk9s89aw8x44w6dwp171s-texlive-2023-env-texmfdist/tex/lat
ex/base/atbegshi-ltx.sty
Package: atbegshi-ltx 2021/01/10 v1.0c Emulation of the original atbegshi
package with kernel methods
)
\Hy@abspage=\count272
\c@Item=\count273
\c@Hfootnote=\count274
)
Package hyperref Info: Driver (autodetected): hpdftex.

(/nix/store/lkhnjl3m4jzlk9s89aw8x44w6dwp171s-texlive-2023-env-texmfdist/tex/lat
ex/hyperref/hpdftex.def
File: hpdftex.def 2024-01-20 v7.01h Hyperref driver for pdfTeX

(/nix/store/lkhnjl3m4jzlk9s89aw8x44w6dwp171s-texlive-2023-env-texmfdist/tex/lat
ex/base/atveryend-ltx.sty
Package: atveryend-ltx 2020/08/19 v1.0a Emulation of the original atveryend pac
kage
with kernel methods
)
\Fld@listcount=\count275
\c@bookmark@seq@number=\count276

(/nix/store/lkhnjl3m4jzlk9s89aw8x44w6dwp171s-texlive-2023-env-texmfdist/tex/lat
ex/rerunfilecheck/rerunfilecheck.sty
Package: rerunfilecheck 2022-07-10 v1.10 Rerun checks for auxiliary files (HO)

(/nix/store/lkhnjl3m4jzlk9s89aw8x44w6dwp171s-texlive-2023-env-texmfdist/tex/gen
eric/uniquecounter/uniquecounter.sty
Package: uniquecounter 2019/12/15 v1.4 Provide unlimited unique counter (HO)
)
Package uniquecounter Info: New unique counter `rerunfilecheck' on input line 2
85.
)
\Hy@SectionHShift=\skip50
)
(/nix/store/lkhnjl3m4jzlk9s89aw8x44w6dwp171s-texlive-2023-env-texmfdist/tex/lat
ex/tools/longtable.sty
Package: longtable 2023-11-01 v4.19 Multi-page Table package (DPC)
\LTleft=\skip51
\LTright=\skip52
\LTpre=\skip53
\LTpost=\skip54
\LTchunksize=\count277
\LTcapwidth=\dimen155
\LT@head=\box51
\LT@firsthead=\box52
\LT@foot=\box53
\LT@lastfoot=\box54
\LT@gbox=\box55
\LT@cols=\count278
\LT@rows=\count279
\c@LT@tables=\count280
\c@LT@chunks=\count281
\LT@p@ftn=\toks19
)
Package hyperref Info: Option `colorlinks' set `true' on input line 14.

(/nix/store/lkhnjl3m4jzlk9s89aw8x44w6dwp171s-texlive-2023-env-texmfdist/tex/lat
ex/l3backend/l3backend-pdftex.def
File: l3backend-pdftex.def 2024-02-20 L3 backend support: PDF output (pdfTeX)
\l__color_backend_stack_int=\count282
\l__pdf_internal_box=\box56
) (./specifications.aux)
\openout1 = `specifications.aux'.

LaTeX Font Info:    Checking defaults for OML/cmm/m/it on input line 21.
LaTeX Font Info:    ... okay on input line 21.
LaTeX Font Info:    Checking defaults for OMS/cmsy/m/n on input line 21.
LaTeX Font Info:    ... okay on input line 21.
LaTeX Font Info:    Checking defaults for OT1/cmr/m/n on input line 21.
LaTeX Font Info:    ... okay on input line 21.
LaTeX Font Info:    Checking defaults for T1/cmr/m/n on input line 21.
LaTeX Font Info:    ... okay on input line 21.
LaTeX Font Info:    Checking defaults for TS1/cmr/m/n on input line 21.
LaTeX Font Info:    ... okay on input line 21.
LaTeX Font Info:    Checking defaults for OMX/cmex/m/n on input line 21.
LaTeX Font Info:    ... okay on input line 21.
LaTeX Font Info:    Checking defaults for U/cmr/m/n on input line 21.
LaTeX Font Info:    ... okay on input line 21.
LaTeX Font Info:    Checking defaults for PD1/pdf/m/n on input line 21.
LaTeX Font Info:    ... okay on input line 21.
LaTeX Font Info:    Checking defaults for PU/pdf/m/n on input line 21.
LaTeX Font Info:    ... okay on input line 21.

*geometry* driver: auto-detecting
*geometry* detected driver: pdftex
*geometry* verbose mode - [ preamble ] result:
* driver: pdftex
* paper: a4paper
* layout: <same size as paper>
* layoutoffset:(h,v)=(0.0pt,0.0pt)
* modes: 
* h-part:(L,W,R)=(72.26999pt, 452.9679pt, 72.26999pt)
* v-part:(T,H,B)=(72.26999pt, 700.50687pt, 72.26999pt)
* \paperwidth=597.50787pt
* \paperheight=845.04684pt
* \textwidth=452.9679pt
* \textheight=700.50687pt
* \oddsidemargin=0.0pt
* \evensidemargin=0.0pt
* \topmargin=-37.0pt
* \headheight=12.0pt
* \headsep=25.0pt
* \topskip=10.0pt
* \footskip=30.0pt
* \marginparwidth=65.0pt
* \marginparsep=11.0pt
* \columnsep=10.0pt
* \skip\footins=9.0pt plus 4.0pt minus 2.0pt
* \hoffset=0.0pt
* \voffset=0.0pt
* \mag=1000
* \@twocolumnfalse
* \@twosidefalse
* \@mparswitchfalse
* \@reversemarginfalse
* (1in=72.27pt=25.4mm, 1cm=28.453pt)


(/nix/store/lkhnjl3m4jzlk9s89aw8x44w6dwp171s-texlive-2023-env-texmfdist/tex/con
text/base/mkii/supp-pdf.mkii
[Loading MPS to PDF converter (version 2006.09.02).]
\scratchcounter=\count283
\scratchdimen=\dimen156
\scratchbox=\box57
\nofMPsegments=\count284
\nofMParguments=\count285
\everyMPshowfont=\toks20
\MPscratchCnt=\count286
\MPscratchDim=\dimen157
\MPnumerator=\count287
\makeMPintoPDFobject=\count288
\everyMPtoPDFconversion=\toks21
)
(/nix/store/lkhnjl3m4jzlk9s89aw8x44w6dwp171s-texlive-2023-env-texmfdist/tex/lat
ex/epstopdf-pkg/epstopdf-base.sty
Package: epstopdf-base 2020-01-24 v2.11 Base part for package epstopdf
Package epstopdf-base Info: Redefining graphics rule for `.eps' on input line 4
85.

(/nix/store/lkhnjl3m4jzlk9s89aw8x44w6dwp171s-texlive-2023-env-texmfdist/tex/lat
ex/latexconfig/epstopdf-sys.cfg
File: epstopdf-sys.cfg 2010/07/13 v1.3 Configuration of (r)epstopdf for TeX Liv
e
))
(/nix/store/lkhnjl3m4jzlk9s89aw8x44w6dwp171s-texlive-2023-env-texmfdist/tex/lat
ex/graphics/color.sty
Package: color 2022/01/06 v1.3d Standard LaTeX Color (DPC)

(/nix/store/lkhnjl3m4jzlk9s89aw8x44w6dwp171s-texlive-2023-env-texmfdist/tex/lat
ex/graphics-cfg/color.cfg
File: color.cfg 2016/01/02 v1.6 sample color configuration
)
Package color Info: Driver file: pdftex.def on input line 149.

(/nix/store/lkhnjl3m4jzlk9s89aw8x44w6dwp171s-texlive-2023-env-texmfdist/tex/lat
ex/graphics/mathcolor.ltx))
Package hyperref Info: Link coloring ON on input line 21.
 (./specifications.out) (./specifications.out)
\@outlinefile=\write3
\openout3 = `specifications.out'.

LaTeX Font Info:    External font `cmex10' loaded for size
(Font)              <12> on input line 24.
LaTeX Font Info:    External font `cmex10' loaded for size
(Font)              <8> on input line 24.
LaTeX Font Info:    External font `cmex10' loaded for size
(Font)              <6> on input line 24.

[1

{/nix/store/s9dgbn15lrgh28z10yljba8qzwypnjcq-texlive-2023-env/share/texmf-var/f
onts/map/pdftex/updmap/pdftex.map}{/nix/store/lkhnjl3m4jzlk9s89aw8x44w6dwp171s-
texlive-2023-env-texmfdist/fonts/enc/dvips/cm-super/cm-super-ts1.enc}]
[2] [3] [4] [5] (./specifications.aux)
 ***********
LaTeX2e <2023-11-01> patch level 1
L3 programming layer <2024-02-20>
 ***********


Package rerunfilecheck Warning: File `specifications.out' has changed.
(rerunfilecheck)                Rerun to get outlines right
(rerunfilecheck)                or use package `bookmark'.

Package rerunfilecheck Info: Checksums for `specifications.out':
(rerunfilecheck)             Before: 5F14123150E7903236C5F206569B82D2;3942
(rerunfilecheck)             After:  FC8DB1B42BCA5870059496525CC74A49;4093.
 ) 
Here is how much of TeX's memory you used:
 9045 strings out of 474116
 145096 string characters out of 5720541
 1946187 words of memory out of 5000000
 31281 multiletter control sequences out of 15000+600000
 562659 words of font info for 51 fonts, out of 8000000 for 9000
 1141 hyphenation exceptions out of 8191
 75i,6n,79p,486b,536s stack positions out of 10000i,1000n,20000p,200000b,200000s
</nix/store/lkhnjl3m4jzlk9s89aw8x44w6dwp171s-texlive-2023-env-texmfdist/fonts
/type1/public/amsfonts/cm/cmbx10.pfb></nix/store/lkhnjl3m4jzlk9s89aw8x44w6dwp17
1s-texlive-2023-env-texmfdist/fonts/type1/public/amsfonts/cm/cmbx12.pfb></nix/s
tore/lkhnjl3m4jzlk9s89aw8x44w6dwp171s-texlive-2023-env-texmfdist/fonts/type1/pu
blic/amsfonts/cm/cmr10.pfb></nix/store/lkhnjl3m4jzlk9s89aw8x44w6dwp171s-texlive
-2023-env-texmfdist/fonts/type1/public/amsfonts/cm/cmr12.pfb></nix/store/lkhnjl
3m4jzlk9s89aw8x44w6dwp171s-texlive-2023-env-texmfdist/fonts/type1/public/amsfon
ts/cm/cmr17.pfb></nix/store/lkhnjl3m4jzlk9s89aw8x44w6dwp171s-texlive-2023-env-t
exmfdist/fonts/type1/public/cm-super/sfrm1000.pfb>
Output written on specifications.pdf (5 pages, 103426 bytes).
PDF statistics:
 185 PDF objects out of 1000 (max. 8388607)
 164 compressed objects within 2 object streams
 38 named destinations out of 1000 (max. 500000)
 217 words of extra memory for PDF output out of 10000 (max. 10000000)

