\BOOKMARK [1][-]{section.1}{\376\377\000I\000n\000t\000r\000o\000d\000u\000c\000t\000i\000o\000n}{}% 1
\BOOKMARK [2][-]{subsection.1.1}{\376\377\000P\000u\000r\000p\000o\000s\000e\000\040\000o\000f\000\040\000t\000h\000e\000\040\000D\000a\000s\000h\000b\000o\000a\000r\000d}{section.1}% 2
\BOOKMARK [2][-]{subsection.1.2}{\376\377\000T\000a\000r\000g\000e\000t\000\040\000A\000u\000d\000i\000e\000n\000c\000e}{section.1}% 3
\BOOKMARK [2][-]{subsection.1.3}{\376\377\000O\000v\000e\000r\000v\000i\000e\000w\000\040\000o\000f\000\040\000t\000h\000e\000\040\000D\000a\000t\000a}{section.1}% 4
\BOOKMARK [3][-]{subsubsection.1.3.1}{\376\377\000S\000o\000u\000r\000c\000e}{subsection.1.3}% 5
\BOOKMARK [3][-]{subsubsection.1.3.2}{\376\377\000D\000a\000t\000a\000\040\000I\000n\000t\000e\000g\000r\000a\000t\000i\000o\000n}{subsection.1.3}% 6
\BOOKMARK [1][-]{section.2}{\376\377\000D\000a\000t\000a\000\040\000S\000o\000u\000r\000c\000e\000\040\000D\000e\000t\000a\000i\000l\000s}{}% 7
\BOOKMARK [2][-]{subsection.2.1}{\376\377\000A\000c\000c\000o\000u\000n\000t\000s\000\040\000T\000a\000b\000l\000e}{section.2}% 8
\BOOKMARK [2][-]{subsection.2.2}{\376\377\000P\000r\000o\000d\000u\000c\000t\000s\000\040\000T\000a\000b\000l\000e}{section.2}% 9
\BOOKMARK [2][-]{subsection.2.3}{\376\377\000S\000a\000l\000e\000s\000\040\000T\000e\000a\000m\000s\000\040\000T\000a\000b\000l\000e}{section.2}% 10
\BOOKMARK [2][-]{subsection.2.4}{\376\377\000S\000a\000l\000e\000s\000\040\000P\000i\000p\000e\000l\000i\000n\000e\000\040\000T\000a\000b\000l\000e}{section.2}% 11
\BOOKMARK [1][-]{section.3}{\376\377\000D\000a\000s\000h\000b\000o\000a\000r\000d\000\040\000R\000e\000q\000u\000i\000r\000e\000m\000e\000n\000t\000s}{}% 12
\BOOKMARK [2][-]{subsection.3.1}{\376\377\000K\000e\000y\000\040\000M\000e\000t\000r\000i\000c\000s\000\040\000a\000n\000d\000\040\000K\000P\000I\000s}{section.3}% 13
\BOOKMARK [2][-]{subsection.3.2}{\376\377\000U\000s\000e\000r\000\040\000S\000t\000o\000r\000i\000e\000s}{section.3}% 14
\BOOKMARK [1][-]{section.4}{\376\377\000T\000e\000c\000h\000n\000i\000c\000a\000l\000\040\000S\000p\000e\000c\000i\000f\000i\000c\000a\000t\000i\000o\000n\000s}{}% 15
\BOOKMARK [2][-]{subsection.4.1}{\376\377\000D\000a\000t\000a\000\040\000P\000r\000e\000p\000a\000r\000a\000t\000i\000o\000n}{section.4}% 16
\BOOKMARK [2][-]{subsection.4.2}{\376\377\000D\000a\000t\000a\000\040\000M\000o\000d\000e\000l}{section.4}% 17
\BOOKMARK [2][-]{subsection.4.3}{\376\377\000D\000a\000t\000a\000\040\000R\000e\000f\000r\000e\000s\000h\000\040\000F\000r\000e\000q\000u\000e\000n\000c\000y}{section.4}% 18
\BOOKMARK [2][-]{subsection.4.4}{\376\377\000S\000e\000c\000u\000r\000i\000t\000y\000\040\000a\000n\000d\000\040\000A\000c\000c\000e\000s\000s\000\040\000C\000o\000n\000t\000r\000o\000l}{section.4}% 19
\BOOKMARK [1][-]{section.5}{\376\377\000D\000e\000s\000i\000g\000n\000\040\000S\000p\000e\000c\000i\000f\000i\000c\000a\000t\000i\000o\000n\000s}{}% 20
\BOOKMARK [2][-]{subsection.5.1}{\376\377\000L\000a\000y\000o\000u\000t}{section.5}% 21
\BOOKMARK [2][-]{subsection.5.2}{\376\377\000V\000i\000s\000u\000a\000l\000i\000z\000a\000t\000i\000o\000n\000s}{section.5}% 22
\BOOKMARK [2][-]{subsection.5.3}{\376\377\000I\000n\000t\000e\000r\000a\000c\000t\000i\000v\000i\000t\000y}{section.5}% 23
\BOOKMARK [2][-]{subsection.5.4}{\376\377\000F\000i\000l\000t\000e\000r\000s\000\040\000a\000n\000d\000\040\000P\000a\000r\000a\000m\000e\000t\000e\000r\000s}{section.5}% 24
\BOOKMARK [1][-]{section.6}{\376\377\000M\000a\000i\000n\000t\000e\000n\000a\000n\000c\000e\000\040\000a\000n\000d\000\040\000S\000u\000p\000p\000o\000r\000t}{}% 25
\BOOKMARK [2][-]{subsection.6.1}{\376\377\000U\000p\000d\000a\000t\000i\000n\000g\000\040\000t\000h\000e\000\040\000D\000a\000s\000h\000b\000o\000a\000r\000d}{section.6}% 26
\BOOKMARK [2][-]{subsection.6.2}{\376\377\000H\000a\000n\000d\000l\000i\000n\000g\000\040\000D\000a\000t\000a\000\040\000C\000h\000a\000n\000g\000e\000s}{section.6}% 27
\BOOKMARK [2][-]{subsection.6.3}{\376\377\000U\000s\000e\000r\000\040\000T\000r\000a\000i\000n\000i\000n\000g}{section.6}% 28
