This is pdfTeX, Version 3.141592653-2.6-1.40.25 (TeX Live 2023/nixos.org) (preloaded format=pdflatex 1980.1.1)  27 MAY 2024 17:05
entering extended mode
 restricted \write18 enabled.
 %&-line parsing enabled.
**features.tex
(./features.tex
LaTeX2e <2023-11-01> patch level 1
L3 programming layer <2024-02-20>

(/nix/store/nn50xms44xc7fhb1cm6vicw77hpppxzl-texlive-2023-env-texmfdist/tex/lat
ex/base/article.cls
Document Class: article 2023/05/17 v1.4n Standard LaTeX document class

(/nix/store/nn50xms44xc7fhb1cm6vicw77hpppxzl-texlive-2023-env-texmfdist/tex/lat
ex/base/size10.clo
File: size10.clo 2023/05/17 v1.4n Standard LaTeX file (size option)
)
\c@part=\count188
\c@section=\count189
\c@subsection=\count190
\c@subsubsection=\count191
\c@paragraph=\count192
\c@subparagraph=\count193
\c@figure=\count194
\c@table=\count195
\abovecaptionskip=\skip48
\belowcaptionskip=\skip49
\bibindent=\dimen140
)
(/nix/store/nn50xms44xc7fhb1cm6vicw77hpppxzl-texlive-2023-env-texmfdist/tex/lat
ex/base/inputenc.sty
Package: inputenc 2021/02/14 v1.3d Input encoding file
\inpenc@prehook=\toks17
\inpenc@posthook=\toks18
)
(/nix/store/nn50xms44xc7fhb1cm6vicw77hpppxzl-texlive-2023-env-texmfdist/tex/lat
ex/hyperref/hyperref.sty
Package: hyperref 2024-01-20 v7.01h Hypertext links for LaTeX

(/nix/store/nn50xms44xc7fhb1cm6vicw77hpppxzl-texlive-2023-env-texmfdist/tex/gen
eric/iftex/iftex.sty
Package: iftex 2022/02/03 v1.0f TeX engine tests
)
(/nix/store/nn50xms44xc7fhb1cm6vicw77hpppxzl-texlive-2023-env-texmfdist/tex/lat
ex/graphics/keyval.sty
Package: keyval 2022/05/29 v1.15 key=value parser (DPC)
\KV@toks@=\toks19
)
(/nix/store/nn50xms44xc7fhb1cm6vicw77hpppxzl-texlive-2023-env-texmfdist/tex/lat
ex/kvsetkeys/kvsetkeys.sty
Package: kvsetkeys 2022-10-05 v1.19 Key value parser (HO)
)
(/nix/store/nn50xms44xc7fhb1cm6vicw77hpppxzl-texlive-2023-env-texmfdist/tex/gen
eric/kvdefinekeys/kvdefinekeys.sty
Package: kvdefinekeys 2019-12-19 v1.6 Define keys (HO)
)
(/nix/store/nn50xms44xc7fhb1cm6vicw77hpppxzl-texlive-2023-env-texmfdist/tex/gen
eric/pdfescape/pdfescape.sty
Package: pdfescape 2019/12/09 v1.15 Implements pdfTeX's escape features (HO)

(/nix/store/nn50xms44xc7fhb1cm6vicw77hpppxzl-texlive-2023-env-texmfdist/tex/gen
eric/ltxcmds/ltxcmds.sty
Package: ltxcmds 2023-12-04 v1.26 LaTeX kernel commands for general use (HO)
)
(/nix/store/nn50xms44xc7fhb1cm6vicw77hpppxzl-texlive-2023-env-texmfdist/tex/gen
eric/pdftexcmds/pdftexcmds.sty
Package: pdftexcmds 2020-06-27 v0.33 Utility functions of pdfTeX for LuaTeX (HO
)

(/nix/store/nn50xms44xc7fhb1cm6vicw77hpppxzl-texlive-2023-env-texmfdist/tex/gen
eric/infwarerr/infwarerr.sty
Package: infwarerr 2019/12/03 v1.5 Providing info/warning/error messages (HO)
)
Package pdftexcmds Info: \pdf@primitive is available.
Package pdftexcmds Info: \pdf@ifprimitive is available.
Package pdftexcmds Info: \pdfdraftmode found.
))
(/nix/store/nn50xms44xc7fhb1cm6vicw77hpppxzl-texlive-2023-env-texmfdist/tex/lat
ex/hycolor/hycolor.sty
Package: hycolor 2020-01-27 v1.10 Color options for hyperref/bookmark (HO)
)
(/nix/store/nn50xms44xc7fhb1cm6vicw77hpppxzl-texlive-2023-env-texmfdist/tex/lat
ex/auxhook/auxhook.sty
Package: auxhook 2019-12-17 v1.6 Hooks for auxiliary files (HO)
)
(/nix/store/nn50xms44xc7fhb1cm6vicw77hpppxzl-texlive-2023-env-texmfdist/tex/lat
ex/hyperref/nameref.sty
Package: nameref 2023-11-26 v2.56 Cross-referencing by name of section

(/nix/store/nn50xms44xc7fhb1cm6vicw77hpppxzl-texlive-2023-env-texmfdist/tex/lat
ex/refcount/refcount.sty
Package: refcount 2019/12/15 v3.6 Data extraction from label references (HO)
)
(/nix/store/nn50xms44xc7fhb1cm6vicw77hpppxzl-texlive-2023-env-texmfdist/tex/gen
eric/gettitlestring/gettitlestring.sty
Package: gettitlestring 2019/12/15 v1.6 Cleanup title references (HO)

(/nix/store/nn50xms44xc7fhb1cm6vicw77hpppxzl-texlive-2023-env-texmfdist/tex/lat
ex/kvoptions/kvoptions.sty
Package: kvoptions 2022-06-15 v3.15 Key value format for package options (HO)
))
\c@section@level=\count196
)
(/nix/store/nn50xms44xc7fhb1cm6vicw77hpppxzl-texlive-2023-env-texmfdist/tex/lat
ex/etoolbox/etoolbox.sty
Package: etoolbox 2020/10/05 v2.5k e-TeX tools for LaTeX (JAW)
\etb@tempcnta=\count197
)
\@linkdim=\dimen141
\Hy@linkcounter=\count198
\Hy@pagecounter=\count199

(/nix/store/nn50xms44xc7fhb1cm6vicw77hpppxzl-texlive-2023-env-texmfdist/tex/lat
ex/hyperref/pd1enc.def
File: pd1enc.def 2024-01-20 v7.01h Hyperref: PDFDocEncoding definition (HO)
Now handling font encoding PD1 ...
... no UTF-8 mapping file for font encoding PD1
)
(/nix/store/nn50xms44xc7fhb1cm6vicw77hpppxzl-texlive-2023-env-texmfdist/tex/gen
eric/intcalc/intcalc.sty
Package: intcalc 2019/12/15 v1.3 Expandable calculations with integers (HO)
)
\Hy@SavedSpaceFactor=\count266

(/nix/store/nn50xms44xc7fhb1cm6vicw77hpppxzl-texlive-2023-env-texmfdist/tex/lat
ex/hyperref/puenc.def
File: puenc.def 2024-01-20 v7.01h Hyperref: PDF Unicode definition (HO)
Now handling font encoding PU ...
... no UTF-8 mapping file for font encoding PU
)
Package hyperref Info: Hyper figures OFF on input line 4179.
Package hyperref Info: Link nesting OFF on input line 4184.
Package hyperref Info: Hyper index ON on input line 4187.
Package hyperref Info: Plain pages OFF on input line 4194.
Package hyperref Info: Backreferencing OFF on input line 4199.
Package hyperref Info: Implicit mode ON; LaTeX internals redefined.
Package hyperref Info: Bookmarks ON on input line 4446.
\c@Hy@tempcnt=\count267

(/nix/store/nn50xms44xc7fhb1cm6vicw77hpppxzl-texlive-2023-env-texmfdist/tex/lat
ex/url/url.sty
\Urlmuskip=\muskip16
Package: url 2013/09/16  ver 3.4  Verb mode for urls, etc.
)
LaTeX Info: Redefining \url on input line 4784.
\XeTeXLinkMargin=\dimen142

(/nix/store/nn50xms44xc7fhb1cm6vicw77hpppxzl-texlive-2023-env-texmfdist/tex/gen
eric/bitset/bitset.sty
Package: bitset 2019/12/09 v1.3 Handle bit-vector datatype (HO)

(/nix/store/nn50xms44xc7fhb1cm6vicw77hpppxzl-texlive-2023-env-texmfdist/tex/gen
eric/bigintcalc/bigintcalc.sty
Package: bigintcalc 2019/12/15 v1.5 Expandable calculations on big integers (HO
)
))
\Fld@menulength=\count268
\Field@Width=\dimen143
\Fld@charsize=\dimen144
Package hyperref Info: Hyper figures OFF on input line 6063.
Package hyperref Info: Link nesting OFF on input line 6068.
Package hyperref Info: Hyper index ON on input line 6071.
Package hyperref Info: backreferencing OFF on input line 6078.
Package hyperref Info: Link coloring OFF on input line 6083.
Package hyperref Info: Link coloring with OCG OFF on input line 6088.
Package hyperref Info: PDF/A mode OFF on input line 6093.

(/nix/store/nn50xms44xc7fhb1cm6vicw77hpppxzl-texlive-2023-env-texmfdist/tex/lat
ex/base/atbegshi-ltx.sty
Package: atbegshi-ltx 2021/01/10 v1.0c Emulation of the original atbegshi
package with kernel methods
)
\Hy@abspage=\count269
\c@Item=\count270
\c@Hfootnote=\count271
)
Package hyperref Info: Driver (autodetected): hpdftex.

(/nix/store/nn50xms44xc7fhb1cm6vicw77hpppxzl-texlive-2023-env-texmfdist/tex/lat
ex/hyperref/hpdftex.def
File: hpdftex.def 2024-01-20 v7.01h Hyperref driver for pdfTeX

(/nix/store/nn50xms44xc7fhb1cm6vicw77hpppxzl-texlive-2023-env-texmfdist/tex/lat
ex/base/atveryend-ltx.sty
Package: atveryend-ltx 2020/08/19 v1.0a Emulation of the original atveryend pac
kage
with kernel methods
)
\Fld@listcount=\count272
\c@bookmark@seq@number=\count273

(/nix/store/nn50xms44xc7fhb1cm6vicw77hpppxzl-texlive-2023-env-texmfdist/tex/lat
ex/rerunfilecheck/rerunfilecheck.sty
Package: rerunfilecheck 2022-07-10 v1.10 Rerun checks for auxiliary files (HO)

(/nix/store/nn50xms44xc7fhb1cm6vicw77hpppxzl-texlive-2023-env-texmfdist/tex/gen
eric/uniquecounter/uniquecounter.sty
Package: uniquecounter 2019/12/15 v1.4 Provide unlimited unique counter (HO)
)
Package uniquecounter Info: New unique counter `rerunfilecheck' on input line 2
85.
)
\Hy@SectionHShift=\skip50
)
(/nix/store/nn50xms44xc7fhb1cm6vicw77hpppxzl-texlive-2023-env-texmfdist/tex/lat
ex/geometry/geometry.sty
Package: geometry 2020/01/02 v5.9 Page Geometry

(/nix/store/nn50xms44xc7fhb1cm6vicw77hpppxzl-texlive-2023-env-texmfdist/tex/gen
eric/iftex/ifvtex.sty
Package: ifvtex 2019/10/25 v1.7 ifvtex legacy package. Use iftex instead.
)
\Gm@cnth=\count274
\Gm@cntv=\count275
\c@Gm@tempcnt=\count276
\Gm@bindingoffset=\dimen145
\Gm@wd@mp=\dimen146
\Gm@odd@mp=\dimen147
\Gm@even@mp=\dimen148
\Gm@layoutwidth=\dimen149
\Gm@layoutheight=\dimen150
\Gm@layouthoffset=\dimen151
\Gm@layoutvoffset=\dimen152
\Gm@dimlist=\toks20
)
(/nix/store/nn50xms44xc7fhb1cm6vicw77hpppxzl-texlive-2023-env-texmfdist/tex/lat
ex/lipsum/lipsum.sty
(/nix/store/nn50xms44xc7fhb1cm6vicw77hpppxzl-texlive-2023-env-texmfdist/tex/lat
ex/l3packages/l3keys2e/l3keys2e.sty
(/nix/store/nn50xms44xc7fhb1cm6vicw77hpppxzl-texlive-2023-env-texmfdist/tex/lat
ex/l3kernel/expl3.sty
Package: expl3 2024-02-20 L3 programming layer (loader) 

(/nix/store/nn50xms44xc7fhb1cm6vicw77hpppxzl-texlive-2023-env-texmfdist/tex/lat
ex/l3backend/l3backend-pdftex.def
File: l3backend-pdftex.def 2024-02-20 L3 backend support: PDF output (pdfTeX)
\l__color_backend_stack_int=\count277
\l__pdf_internal_box=\box51
))
Package: l3keys2e 2024-02-18 LaTeX2e option processing using LaTeX3 keys
)
Package: lipsum 2021-09-20 v2.7 150 paragraphs of Lorem Ipsum dummy text
\g__lipsum_par_int=\count278
\l__lipsum_a_int=\count279
\l__lipsum_b_int=\count280

(/nix/store/nn50xms44xc7fhb1cm6vicw77hpppxzl-texlive-2023-env-texmfdist/tex/lat
ex/lipsum/lipsum.ltd.tex))
(/nix/store/nn50xms44xc7fhb1cm6vicw77hpppxzl-texlive-2023-env-texmfdist/tex/lat
ex/graphics/graphicx.sty
Package: graphicx 2021/09/16 v1.2d Enhanced LaTeX Graphics (DPC,SPQR)

(/nix/store/nn50xms44xc7fhb1cm6vicw77hpppxzl-texlive-2023-env-texmfdist/tex/lat
ex/graphics/graphics.sty
Package: graphics 2022/03/10 v1.4e Standard LaTeX Graphics (DPC,SPQR)

(/nix/store/nn50xms44xc7fhb1cm6vicw77hpppxzl-texlive-2023-env-texmfdist/tex/lat
ex/graphics/trig.sty
Package: trig 2021/08/11 v1.11 sin cos tan (DPC)
)
(/nix/store/nn50xms44xc7fhb1cm6vicw77hpppxzl-texlive-2023-env-texmfdist/tex/lat
ex/graphics-cfg/graphics.cfg
File: graphics.cfg 2016/06/04 v1.11 sample graphics configuration
)
Package graphics Info: Driver file: pdftex.def on input line 107.

(/nix/store/nn50xms44xc7fhb1cm6vicw77hpppxzl-texlive-2023-env-texmfdist/tex/lat
ex/graphics-def/pdftex.def
File: pdftex.def 2022/09/22 v1.2b Graphics/color driver for pdftex
))
\Gin@req@height=\dimen153
\Gin@req@width=\dimen154
)
Package hyperref Info: Option `colorlinks' set `true' on input line 12.
 (./features.aux)
\openout1 = `features.aux'.

LaTeX Font Info:    Checking defaults for OML/cmm/m/it on input line 19.
LaTeX Font Info:    ... okay on input line 19.
LaTeX Font Info:    Checking defaults for OMS/cmsy/m/n on input line 19.
LaTeX Font Info:    ... okay on input line 19.
LaTeX Font Info:    Checking defaults for OT1/cmr/m/n on input line 19.
LaTeX Font Info:    ... okay on input line 19.
LaTeX Font Info:    Checking defaults for T1/cmr/m/n on input line 19.
LaTeX Font Info:    ... okay on input line 19.
LaTeX Font Info:    Checking defaults for TS1/cmr/m/n on input line 19.
LaTeX Font Info:    ... okay on input line 19.
LaTeX Font Info:    Checking defaults for OMX/cmex/m/n on input line 19.
LaTeX Font Info:    ... okay on input line 19.
LaTeX Font Info:    Checking defaults for U/cmr/m/n on input line 19.
LaTeX Font Info:    ... okay on input line 19.
LaTeX Font Info:    Checking defaults for PD1/pdf/m/n on input line 19.
LaTeX Font Info:    ... okay on input line 19.
LaTeX Font Info:    Checking defaults for PU/pdf/m/n on input line 19.
LaTeX Font Info:    ... okay on input line 19.

(/nix/store/nn50xms44xc7fhb1cm6vicw77hpppxzl-texlive-2023-env-texmfdist/tex/lat
ex/graphics/color.sty
Package: color 2022/01/06 v1.3d Standard LaTeX Color (DPC)

(/nix/store/nn50xms44xc7fhb1cm6vicw77hpppxzl-texlive-2023-env-texmfdist/tex/lat
ex/graphics-cfg/color.cfg
File: color.cfg 2016/01/02 v1.6 sample color configuration
)
Package color Info: Driver file: pdftex.def on input line 149.

(/nix/store/nn50xms44xc7fhb1cm6vicw77hpppxzl-texlive-2023-env-texmfdist/tex/lat
ex/graphics/mathcolor.ltx))
Package hyperref Info: Link coloring ON on input line 19.
 (./features.out) (./features.out)
\@outlinefile=\write3
\openout3 = `features.out'.


*geometry* driver: auto-detecting
*geometry* detected driver: pdftex
*geometry* verbose mode - [ preamble ] result:
* driver: pdftex
* paper: a4paper
* layout: <same size as paper>
* layoutoffset:(h,v)=(0.0pt,0.0pt)
* modes: 
* h-part:(L,W,R)=(72.26999pt, 452.9679pt, 72.26999pt)
* v-part:(T,H,B)=(72.26999pt, 700.50687pt, 72.26999pt)
* \paperwidth=597.50787pt
* \paperheight=845.04684pt
* \textwidth=452.9679pt
* \textheight=700.50687pt
* \oddsidemargin=0.0pt
* \evensidemargin=0.0pt
* \topmargin=-37.0pt
* \headheight=12.0pt
* \headsep=25.0pt
* \topskip=10.0pt
* \footskip=30.0pt
* \marginparwidth=65.0pt
* \marginparsep=11.0pt
* \columnsep=10.0pt
* \skip\footins=9.0pt plus 4.0pt minus 2.0pt
* \hoffset=0.0pt
* \voffset=0.0pt
* \mag=1000
* \@twocolumnfalse
* \@twosidefalse
* \@mparswitchfalse
* \@reversemarginfalse
* (1in=72.27pt=25.4mm, 1cm=28.453pt)


(/nix/store/nn50xms44xc7fhb1cm6vicw77hpppxzl-texlive-2023-env-texmfdist/tex/con
text/base/mkii/supp-pdf.mkii
[Loading MPS to PDF converter (version 2006.09.02).]
\scratchcounter=\count281
\scratchdimen=\dimen155
\scratchbox=\box52
\nofMPsegments=\count282
\nofMParguments=\count283
\everyMPshowfont=\toks21
\MPscratchCnt=\count284
\MPscratchDim=\dimen156
\MPnumerator=\count285
\makeMPintoPDFobject=\count286
\everyMPtoPDFconversion=\toks22
)
(/nix/store/nn50xms44xc7fhb1cm6vicw77hpppxzl-texlive-2023-env-texmfdist/tex/lat
ex/epstopdf-pkg/epstopdf-base.sty
Package: epstopdf-base 2020-01-24 v2.11 Base part for package epstopdf
Package epstopdf-base Info: Redefining graphics rule for `.eps' on input line 4
85.

(/nix/store/nn50xms44xc7fhb1cm6vicw77hpppxzl-texlive-2023-env-texmfdist/tex/lat
ex/latexconfig/epstopdf-sys.cfg
File: epstopdf-sys.cfg 2010/07/13 v1.3 Configuration of (r)epstopdf for TeX Liv
e
))
LaTeX Font Info:    External font `cmex10' loaded for size
(Font)              <12> on input line 22.
LaTeX Font Info:    External font `cmex10' loaded for size
(Font)              <8> on input line 22.
LaTeX Font Info:    External font `cmex10' loaded for size
(Font)              <6> on input line 22.
 (./features.toc
LaTeX Font Info:    External font `cmex10' loaded for size
(Font)              <7> on input line 2.
LaTeX Font Info:    External font `cmex10' loaded for size
(Font)              <5> on input line 2.
)
\tf@toc=\write4
\openout4 = `features.toc'.

 [1

{/nix/store/vd70007fx3fj01rf0mpnnqqsrp7i0qqp-texlive-2023-env/share/texmf-var/f
onts/map/pdftex/updmap/pdftex.map}]
Underfull \hbox (badness 10000) in paragraph at lines 40--45

 []

[2

{/nix/store/nn50xms44xc7fhb1cm6vicw77hpppxzl-texlive-2023-env-texmfdist/fonts/e
nc/dvips/cm-super/cm-super-ts1.enc}] [3] [4]
<resources/swappy-20240527_141415.png, id=170, 1196.47pt x 897.3525pt>
File: resources/swappy-20240527_141415.png Graphic file (type png)
<use resources/swappy-20240527_141415.png>
Package pdftex.def Info: resources/swappy-20240527_141415.png  used on input li
ne 129.
(pdftex.def)             Requested size: 362.37569pt x 271.78201pt.
<resources/swappy-20240527_141440.png, id=171, 1196.47pt x 907.39pt>
File: resources/swappy-20240527_141440.png Graphic file (type png)
<use resources/swappy-20240527_141440.png>
Package pdftex.def Info: resources/swappy-20240527_141440.png  used on input li
ne 154.
(pdftex.def)             Requested size: 362.37569pt x 274.82208pt.
<resources/swappy-20240527_141503.png, id=172, 1200.485pt x 932.48375pt>
File: resources/swappy-20240527_141503.png Graphic file (type png)
<use resources/swappy-20240527_141503.png>
Package pdftex.def Info: resources/swappy-20240527_141503.png  used on input li
ne 159.
(pdftex.def)             Requested size: 362.37569pt x 281.46893pt.


LaTeX Warning: `!h' float specifier changed to `!ht'.


LaTeX Warning: `!h' float specifier changed to `!ht'.

<resources/swappy-20240527_141526.png, id=173, 1197.47375pt x 909.3975pt>
File: resources/swappy-20240527_141526.png Graphic file (type png)
<use resources/swappy-20240527_141526.png>
Package pdftex.def Info: resources/swappy-20240527_141526.png  used on input li
ne 168.
(pdftex.def)             Requested size: 362.37569pt x 275.1942pt.

LaTeX Warning: `!h' float specifier changed to `!ht'.

[5

 <./resources/swappy-20240527_141415.png>] [6 <./resources/swappy-20240527_1414
40.png> <./resources/swappy-20240527_141503.png>] [7 <./resources/swappy-202405
27_141526.png>]
<resources/swappy-20240527_152429.png, id=192, 1200.485pt x 897.3525pt>
File: resources/swappy-20240527_152429.png Graphic file (type png)
<use resources/swappy-20240527_152429.png>
Package pdftex.def Info: resources/swappy-20240527_152429.png  used on input li
ne 179.
(pdftex.def)             Requested size: 362.37569pt x 270.86461pt.
<resources/swappy-20240527_152442.png, id=193, 1195.46625pt x 902.37125pt>
File: resources/swappy-20240527_152442.png Graphic file (type png)
<use resources/swappy-20240527_152442.png>
Package pdftex.def Info: resources/swappy-20240527_152442.png  used on input li
ne 208.
(pdftex.def)             Requested size: 362.37569pt x 273.53612pt.
 [8

 <./resources/swappy-20240527_152429.png>]
<resources/swappy-20240527_152507.png, id=199, 1191.45125pt x 901.3675pt>
File: resources/swappy-20240527_152507.png Graphic file (type png)
<use resources/swappy-20240527_152507.png>
Package pdftex.def Info: resources/swappy-20240527_152507.png  used on input li
ne 215.
(pdftex.def)             Requested size: 362.37569pt x 274.13959pt.
<resources/swappy-20240527_152550.png, id=200, 1198.4775pt x 899.36pt>
File: resources/swappy-20240527_152550.png Graphic file (type png)
<use resources/swappy-20240527_152550.png>
Package pdftex.def Info: resources/swappy-20240527_152550.png  used on input li
ne 222.
(pdftex.def)             Requested size: 362.37569pt x 271.92343pt.


LaTeX Warning: `!h' float specifier changed to `!ht'.

[9 <./resources/swappy-20240527_152442.png> <./resources/swappy-20240527_152507
.png>] [10 <./resources/swappy-20240527_152550.png>]
<resources/swappy-20240527_160325.png, id=212, 1198.4775pt x 894.34125pt>
File: resources/swappy-20240527_160325.png Graphic file (type png)
<use resources/swappy-20240527_160325.png>
Package pdftex.def Info: resources/swappy-20240527_160325.png  used on input li
ne 232.
(pdftex.def)             Requested size: 362.37569pt x 270.406pt.
<resources/swappy-20240527_160008.png, id=213, 1202.4925pt x 898.35625pt>
File: resources/swappy-20240527_160008.png Graphic file (type png)
<use resources/swappy-20240527_160008.png>
Package pdftex.def Info: resources/swappy-20240527_160008.png  used on input li
ne 260.
(pdftex.def)             Requested size: 362.37569pt x 270.71524pt.


LaTeX Warning: `!h' float specifier changed to `!ht'.

<resources/swappy-20240527_160042.png, id=214, 1201.48875pt x 903.375pt>
File: resources/swappy-20240527_160042.png Graphic file (type png)
<use resources/swappy-20240527_160042.png>
Package pdftex.def Info: resources/swappy-20240527_160042.png  used on input li
ne 267.
(pdftex.def)             Requested size: 362.37569pt x 272.46194pt.

LaTeX Warning: `!h' float specifier changed to `!ht'.

<resources/swappy-20240527_160111.png, id=215, 1202.4925pt x 899.36pt>
File: resources/swappy-20240527_160111.png Graphic file (type png)
<use resources/swappy-20240527_160111.png>
Package pdftex.def Info: resources/swappy-20240527_160111.png  used on input li
ne 274.
(pdftex.def)             Requested size: 362.37569pt x 271.01772pt.

LaTeX Warning: `!h' float specifier changed to `!ht'.

[11

 <./resources/swappy-20240527_160325.png>] [12 <./resources/swappy-20240527_160
008.png> <./resources/swappy-20240527_160042.png>] [13 <./resources/swappy-2024
0527_160111.png>]
<resources/swappy-20240527_160845.png, id=233, 1201.48875pt x 895.345pt>
File: resources/swappy-20240527_160845.png Graphic file (type png)
<use resources/swappy-20240527_160845.png>
Package pdftex.def Info: resources/swappy-20240527_160845.png  used on input li
ne 284.
(pdftex.def)             Requested size: 362.37569pt x 270.04007pt.
 [14

 <./resources/swappy-20240527_160845.png>]
<resources/swappy-20240527_160904.png, id=239, 1202.4925pt x 908.39375pt>
File: resources/swappy-20240527_160904.png Graphic file (type png)
<use resources/swappy-20240527_160904.png>
Package pdftex.def Info: resources/swappy-20240527_160904.png  used on input li
ne 314.
(pdftex.def)             Requested size: 362.37569pt x 273.73999pt.
<resources/swappy-20240527_160924.png, id=240, 1188.44pt x 905.3825pt>
File: resources/swappy-20240527_160924.png Graphic file (type png)
<use resources/swappy-20240527_160924.png>
Package pdftex.def Info: resources/swappy-20240527_160924.png  used on input li
ne 321.
(pdftex.def)             Requested size: 362.37569pt x 276.06528pt.
 [15 <./resources/swappy-20240527_160904.png> <./resources/swappy-20240527_1609
24.png>]
<resources/swappy-20240527_170251.png, id=247, 1203.49625pt x 904.37875pt>
File: resources/swappy-20240527_170251.png Graphic file (type png)
<use resources/swappy-20240527_170251.png>
Package pdftex.def Info: resources/swappy-20240527_170251.png  used on input li
ne 332.
(pdftex.def)             Requested size: 362.37569pt x 272.3093pt.

[16

 <./resources/swappy-20240527_170251.png>] (./features.aux)
 ***********
LaTeX2e <2023-11-01> patch level 1
L3 programming layer <2024-02-20>
 ***********
Package rerunfilecheck Info: File `features.out' has not changed.
(rerunfilecheck)             Checksum: A944F81FC858D06DF7985F56E27D838A;4256.
 ) 
Here is how much of TeX's memory you used:
 9560 strings out of 474116
 160635 string characters out of 5720541
 1943187 words of memory out of 5000000
 31756 multiletter control sequences out of 15000+600000
 562659 words of font info for 51 fonts, out of 8000000 for 9000
 1141 hyphenation exceptions out of 8191
 79i,7n,93p,424b,499s stack positions out of 10000i,1000n,20000p,200000b,200000s
</nix/store/nn50xms44xc7fhb1cm6vicw77hpppxzl-texlive-2023-env-texmfdist/fonts
/type1/public/amsfonts/cm/cmbx10.pfb></nix/store/nn50xms44xc7fhb1cm6vicw77hpppx
zl-texlive-2023-env-texmfdist/fonts/type1/public/amsfonts/cm/cmbx12.pfb></nix/s
tore/nn50xms44xc7fhb1cm6vicw77hpppxzl-texlive-2023-env-texmfdist/fonts/type1/pu
blic/amsfonts/cm/cmr10.pfb></nix/store/nn50xms44xc7fhb1cm6vicw77hpppxzl-texlive
-2023-env-texmfdist/fonts/type1/public/amsfonts/cm/cmr12.pfb></nix/store/nn50xm
s44xc7fhb1cm6vicw77hpppxzl-texlive-2023-env-texmfdist/fonts/type1/public/amsfon
ts/cm/cmr17.pfb></nix/store/nn50xms44xc7fhb1cm6vicw77hpppxzl-texlive-2023-env-t
exmfdist/fonts/type1/public/amsfonts/cm/cmr7.pfb></nix/store/nn50xms44xc7fhb1cm
6vicw77hpppxzl-texlive-2023-env-texmfdist/fonts/type1/public/cm-super/sfrm1000.
pfb>
Output written on features.pdf (16 pages, 1522982 bytes).
PDF statistics:
 302 PDF objects out of 1000 (max. 8388607)
 251 compressed objects within 3 object streams
 62 named destinations out of 1000 (max. 500000)
 305 words of extra memory for PDF output out of 10000 (max. 10000000)

